<?xml version="1.0" encoding="UTF-8"?>
<robot generator="Robot 7.2.2 (Python 3.12.2 on win32)" generated="2025-03-17T10:56:47.838068" rpa="false" schemaversion="5">
<suite id="s1" name="TC1" source="C:\Users\user\PycharmProjects\selenium_tutorial\test project\TC1.robot">
<test id="s1-t1" name="LoginTest" line="7">
<kw name="Open Browser" owner="SeleniumLibrary">
<msg time="2025-03-17T10:56:48.576702" level="INFO">Opening browser 'firefox' to base url 'https://demo.nopcommerce.com/login?returnUrl=%2Fregisterresult%2F1'.</msg>
<arg>https://demo.nopcommerce.com/login?returnUrl=%2Fregisterresult%2F1</arg>
<doc>Opens a new browser instance to the optional ``url``.</doc>
<status status="PASS" start="2025-03-17T10:56:48.575592" elapsed="13.082116"/>
</kw>
<kw name="Click Element" owner="SeleniumLibrary">
<msg time="2025-03-17T10:57:01.658795" level="INFO">Clicking element 'Xpath://*[@class="ico-login"]'.</msg>
<arg>Xpath://*[@class="ico-login"]</arg>
<doc>Click the element identified by ``locator``.</doc>
<status status="PASS" start="2025-03-17T10:57:01.658795" elapsed="0.343057"/>
</kw>
<kw name="Input Text" owner="SeleniumLibrary">
<msg time="2025-03-17T10:57:02.003264" level="INFO">Typing text 'nr785849@gmail.com' into text field 'id:Email'.</msg>
<msg time="2025-03-17T10:57:02.192290" level="INFO" html="true">&lt;/td&gt;&lt;/tr&gt;&lt;tr&gt;&lt;td colspan="3"&gt;&lt;a href="selenium-screenshot-1.png"&gt;&lt;img src="selenium-screenshot-1.png" width="800px"&gt;&lt;/a&gt;</msg>
<msg time="2025-03-17T10:57:02.192290" level="FAIL">Element with locator 'id:Email' not found.</msg>
<arg>id:Email</arg>
<arg>nr785849@gmail.com</arg>
<doc>Types the given ``text`` into the text field identified by ``locator``.</doc>
<status status="FAIL" start="2025-03-17T10:57:02.003264" elapsed="0.249699">Element with locator 'id:Email' not found.</status>
</kw>
<kw name="Input Text" owner="SeleniumLibrary">
<arg>id:Password 6301945225</arg>
<doc>Types the given ``text`` into the text field identified by ``locator``.</doc>
<status status="NOT RUN" start="2025-03-17T10:57:02.252963" elapsed="0.000000"/>
</kw>
<kw name="Click Element" owner="SeleniumLibrary">
<arg>Xpath://*[@class="button-1 login-button"]</arg>
<doc>Click the element identified by ``locator``.</doc>
<status status="NOT RUN" start="2025-03-17T10:57:02.252963" elapsed="0.000000"/>
</kw>
<kw name="Close Browser" owner="SeleniumLibrary">
<doc>Closes the current browser.</doc>
<status status="NOT RUN" start="2025-03-17T10:57:02.254084" elapsed="0.000000"/>
</kw>
<status status="FAIL" start="2025-03-17T10:56:48.573373" elapsed="13.680711">Element with locator 'id:Email' not found.</status>
</test>
<status status="FAIL" start="2025-03-17T10:56:47.841970" elapsed="14.413201"/>
</suite>
<statistics>
<total>
<stat pass="0" fail="1" skip="0">All Tests</stat>
</total>
<tag>
</tag>
<suite>
<stat name="TC1" id="s1" pass="0" fail="1" skip="0">TC1</stat>
</suite>
</statistics>
<errors>
</errors>
</robot>
